c:\users\nathan\downloads\vulnerabledriver\vulnerabledriver\vulnerabledriver\x64\release\vc143.pdb
c:\users\nathan\downloads\vulnerabledriver\vulnerabledriver\vulnerabledriver\x64\release\main.obj
c:\users\nathan\downloads\vulnerabledriver\vulnerabledriver\vulnerabledriver\x64\release\irpwrite.obj
c:\users\nathan\downloads\vulnerabledriver\vulnerabledriver\vulnerabledriver\x64\release\irpread.obj
c:\users\nathan\downloads\vulnerabledriver\vulnerabledriver\vulnerabledriver\x64\release\irpcreate.obj
c:\users\nathan\downloads\vulnerabledriver\vulnerabledriver\vulnerabledriver\x64\release\vulnerabledriver.inf
c:\users\nathan\downloads\vulnerabledriver\vulnerabledriver\vulnerabledriver\x64\release\irpcreate.tmh
c:\users\nathan\downloads\vulnerabledriver\vulnerabledriver\vulnerabledriver\x64\release\irpread.tmh
c:\users\nathan\downloads\vulnerabledriver\vulnerabledriver\vulnerabledriver\x64\release\irpwrite.tmh
c:\users\nathan\downloads\vulnerabledriver\vulnerabledriver\vulnerabledriver\x64\release\main.tmh
c:\users\nathan\downloads\vulnerabledriver\vulnerabledriver\x64\release\vulnerabledriver.inf
c:\users\nathan\downloads\vulnerabledriver\vulnerabledriver\x64\release\vulnerabledriver.pdb
c:\users\nathan\downloads\vulnerabledriver\vulnerabledriver\vulnerabledriver\x64\release\vulnerabledriver.tlog\cl.command.1.tlog
c:\users\nathan\downloads\vulnerabledriver\vulnerabledriver\vulnerabledriver\x64\release\vulnerabledriver.tlog\cl.read.1.tlog
c:\users\nathan\downloads\vulnerabledriver\vulnerabledriver\vulnerabledriver\x64\release\vulnerabledriver.tlog\cl.write.1.tlog
c:\users\nathan\downloads\vulnerabledriver\vulnerabledriver\vulnerabledriver\x64\release\vulnerabledriver.tlog\link.command.1.tlog
c:\users\nathan\downloads\vulnerabledriver\vulnerabledriver\vulnerabledriver\x64\release\vulnerabledriver.tlog\link.read.1.tlog
c:\users\nathan\downloads\vulnerabledriver\vulnerabledriver\vulnerabledriver\x64\release\vulnerabledriver.tlog\link.read.2.tlog
c:\users\nathan\downloads\vulnerabledriver\vulnerabledriver\vulnerabledriver\x64\release\vulnerabledriver.tlog\link.read.3.tlog
c:\users\nathan\downloads\vulnerabledriver\vulnerabledriver\vulnerabledriver\x64\release\vulnerabledriver.tlog\link.write.1.tlog
c:\users\nathan\downloads\vulnerabledriver\vulnerabledriver\vulnerabledriver\x64\release\vulnerabledriver.tlog\stampinf.command.1.tlog
c:\users\nathan\downloads\vulnerabledriver\vulnerabledriver\vulnerabledriver\x64\release\vulnerabledriver.tlog\stampinf.read.1.tlog
c:\users\nathan\downloads\vulnerabledriver\vulnerabledriver\vulnerabledriver\x64\release\vulnerabledriver.tlog\stampinf.write.1.tlog
c:\users\nathan\downloads\vulnerabledriver\vulnerabledriver\vulnerabledriver\x64\release\vulnerabledriver.tlog\tracewpp.command.1.tlog
c:\users\nathan\downloads\vulnerabledriver\vulnerabledriver\vulnerabledriver\x64\release\vulnerabledriver.tlog\tracewpp.read.1.tlog
c:\users\nathan\downloads\vulnerabledriver\vulnerabledriver\vulnerabledriver\x64\release\vulnerabledriver.tlog\tracewpp.write.1.tlog
