c:\users\nathan\downloads\vulnerabledriver\vulnerabledriver\vulnerabledriver\x64\debug\vc143.pdb
c:\users\nathan\downloads\vulnerabledriver\vulnerabledriver\vulnerabledriver\x64\debug\main.obj
c:\users\nathan\downloads\vulnerabledriver\vulnerabledriver\vulnerabledriver\x64\debug\irpread.obj
c:\users\nathan\downloads\vulnerabledriver\vulnerabledriver\vulnerabledriver\x64\debug\irpcreate.obj
c:\users\nathan\downloads\vulnerabledriver\vulnerabledriver\vulnerabledriver\x64\debug\irpwrite.obj
c:\users\nathan\downloads\vulnerabledriver\vulnerabledriver\x64\debug\vulnerabledriver\vulnerabledriver.cat
c:\users\nathan\downloads\vulnerabledriver\vulnerabledriver\x64\debug\vulnerabledriver.sys
c:\users\nathan\downloads\vulnerabledriver\vulnerabledriver\x64\debug\vulnerabledriver.pdb
c:\users\nathan\downloads\vulnerabledriver\vulnerabledriver\vulnerabledriver\x64\debug\assembly.obj
c:\users\nathan\downloads\vulnerabledriver\vulnerabledriver\vulnerabledriver\x64\debug\vulnerabledriver.inf
c:\users\nathan\downloads\vulnerabledriver\vulnerabledriver\x64\debug\vulnerabledriver.inf
c:\users\nathan\downloads\vulnerabledriver\vulnerabledriver\vulnerabledriver\x64\debug\device.obj
c:\users\nathan\downloads\vulnerabledriver\vulnerabledriver\vulnerabledriver\x64\debug\driver.obj
c:\users\nathan\downloads\vulnerabledriver\vulnerabledriver\vulnerabledriver\x64\debug\queue.obj
c:\users\nathan\downloads\vulnerabledriver\vulnerabledriver\vulnerabledriver\x64\debug\vulnerabledriver.tlog\cl.command.1.tlog
c:\users\nathan\downloads\vulnerabledriver\vulnerabledriver\vulnerabledriver\x64\debug\vulnerabledriver.tlog\cl.items.tlog
c:\users\nathan\downloads\vulnerabledriver\vulnerabledriver\vulnerabledriver\x64\debug\vulnerabledriver.tlog\cl.read.1.tlog
c:\users\nathan\downloads\vulnerabledriver\vulnerabledriver\vulnerabledriver\x64\debug\vulnerabledriver.tlog\cl.write.1.tlog
c:\users\nathan\downloads\vulnerabledriver\vulnerabledriver\vulnerabledriver\x64\debug\vulnerabledriver.tlog\drvcat.command.1.tlog
c:\users\nathan\downloads\vulnerabledriver\vulnerabledriver\vulnerabledriver\x64\debug\vulnerabledriver.tlog\drvcat.read.1.tlog
c:\users\nathan\downloads\vulnerabledriver\vulnerabledriver\vulnerabledriver\x64\debug\vulnerabledriver.tlog\drvcat.write.1.tlog
c:\users\nathan\downloads\vulnerabledriver\vulnerabledriver\vulnerabledriver\x64\debug\vulnerabledriver.tlog\inf2cat-expand.10044.read.1.tlog
c:\users\nathan\downloads\vulnerabledriver\vulnerabledriver\vulnerabledriver\x64\debug\vulnerabledriver.tlog\inf2cat-expand.10044.write.1.tlog
c:\users\nathan\downloads\vulnerabledriver\vulnerabledriver\vulnerabledriver\x64\debug\vulnerabledriver.tlog\inf2cat-expand.10140.read.1.tlog
c:\users\nathan\downloads\vulnerabledriver\vulnerabledriver\vulnerabledriver\x64\debug\vulnerabledriver.tlog\inf2cat-expand.10140.write.1.tlog
c:\users\nathan\downloads\vulnerabledriver\vulnerabledriver\vulnerabledriver\x64\debug\vulnerabledriver.tlog\inf2cat-expand.10164.read.1.tlog
c:\users\nathan\downloads\vulnerabledriver\vulnerabledriver\vulnerabledriver\x64\debug\vulnerabledriver.tlog\inf2cat-expand.10164.write.1.tlog
c:\users\nathan\downloads\vulnerabledriver\vulnerabledriver\vulnerabledriver\x64\debug\vulnerabledriver.tlog\inf2cat-expand.10188.read.1.tlog
c:\users\nathan\downloads\vulnerabledriver\vulnerabledriver\vulnerabledriver\x64\debug\vulnerabledriver.tlog\inf2cat-expand.10188.write.1.tlog
c:\users\nathan\downloads\vulnerabledriver\vulnerabledriver\vulnerabledriver\x64\debug\vulnerabledriver.tlog\inf2cat-expand.10520.read.1.tlog
c:\users\nathan\downloads\vulnerabledriver\vulnerabledriver\vulnerabledriver\x64\debug\vulnerabledriver.tlog\inf2cat-expand.10520.write.1.tlog
c:\users\nathan\downloads\vulnerabledriver\vulnerabledriver\vulnerabledriver\x64\debug\vulnerabledriver.tlog\inf2cat-expand.10652.read.1.tlog
c:\users\nathan\downloads\vulnerabledriver\vulnerabledriver\vulnerabledriver\x64\debug\vulnerabledriver.tlog\inf2cat-expand.10652.write.1.tlog
c:\users\nathan\downloads\vulnerabledriver\vulnerabledriver\vulnerabledriver\x64\debug\vulnerabledriver.tlog\inf2cat-expand.10744.read.1.tlog
c:\users\nathan\downloads\vulnerabledriver\vulnerabledriver\vulnerabledriver\x64\debug\vulnerabledriver.tlog\inf2cat-expand.10744.write.1.tlog
c:\users\nathan\downloads\vulnerabledriver\vulnerabledriver\vulnerabledriver\x64\debug\vulnerabledriver.tlog\inf2cat-expand.10972.read.1.tlog
c:\users\nathan\downloads\vulnerabledriver\vulnerabledriver\vulnerabledriver\x64\debug\vulnerabledriver.tlog\inf2cat-expand.10972.write.1.tlog
c:\users\nathan\downloads\vulnerabledriver\vulnerabledriver\vulnerabledriver\x64\debug\vulnerabledriver.tlog\inf2cat-expand.11388.read.1.tlog
c:\users\nathan\downloads\vulnerabledriver\vulnerabledriver\vulnerabledriver\x64\debug\vulnerabledriver.tlog\inf2cat-expand.11388.write.1.tlog
c:\users\nathan\downloads\vulnerabledriver\vulnerabledriver\vulnerabledriver\x64\debug\vulnerabledriver.tlog\inf2cat-expand.11476.read.1.tlog
c:\users\nathan\downloads\vulnerabledriver\vulnerabledriver\vulnerabledriver\x64\debug\vulnerabledriver.tlog\inf2cat-expand.11476.write.1.tlog
c:\users\nathan\downloads\vulnerabledriver\vulnerabledriver\vulnerabledriver\x64\debug\vulnerabledriver.tlog\inf2cat-expand.12508.read.1.tlog
c:\users\nathan\downloads\vulnerabledriver\vulnerabledriver\vulnerabledriver\x64\debug\vulnerabledriver.tlog\inf2cat-expand.12508.write.1.tlog
c:\users\nathan\downloads\vulnerabledriver\vulnerabledriver\vulnerabledriver\x64\debug\vulnerabledriver.tlog\inf2cat-expand.12700.read.1.tlog
c:\users\nathan\downloads\vulnerabledriver\vulnerabledriver\vulnerabledriver\x64\debug\vulnerabledriver.tlog\inf2cat-expand.12700.write.1.tlog
c:\users\nathan\downloads\vulnerabledriver\vulnerabledriver\vulnerabledriver\x64\debug\vulnerabledriver.tlog\inf2cat-expand.12912.read.1.tlog
c:\users\nathan\downloads\vulnerabledriver\vulnerabledriver\vulnerabledriver\x64\debug\vulnerabledriver.tlog\inf2cat-expand.12912.write.1.tlog
c:\users\nathan\downloads\vulnerabledriver\vulnerabledriver\vulnerabledriver\x64\debug\vulnerabledriver.tlog\inf2cat-expand.12952.read.1.tlog
c:\users\nathan\downloads\vulnerabledriver\vulnerabledriver\vulnerabledriver\x64\debug\vulnerabledriver.tlog\inf2cat-expand.12952.write.1.tlog
c:\users\nathan\downloads\vulnerabledriver\vulnerabledriver\vulnerabledriver\x64\debug\vulnerabledriver.tlog\inf2cat-expand.1308.read.1.tlog
c:\users\nathan\downloads\vulnerabledriver\vulnerabledriver\vulnerabledriver\x64\debug\vulnerabledriver.tlog\inf2cat-expand.1308.write.1.tlog
c:\users\nathan\downloads\vulnerabledriver\vulnerabledriver\vulnerabledriver\x64\debug\vulnerabledriver.tlog\inf2cat-expand.13460.read.1.tlog
c:\users\nathan\downloads\vulnerabledriver\vulnerabledriver\vulnerabledriver\x64\debug\vulnerabledriver.tlog\inf2cat-expand.13460.write.1.tlog
c:\users\nathan\downloads\vulnerabledriver\vulnerabledriver\vulnerabledriver\x64\debug\vulnerabledriver.tlog\inf2cat-expand.14020.read.1.tlog
c:\users\nathan\downloads\vulnerabledriver\vulnerabledriver\vulnerabledriver\x64\debug\vulnerabledriver.tlog\inf2cat-expand.14020.write.1.tlog
c:\users\nathan\downloads\vulnerabledriver\vulnerabledriver\vulnerabledriver\x64\debug\vulnerabledriver.tlog\inf2cat-expand.14096.read.1.tlog
c:\users\nathan\downloads\vulnerabledriver\vulnerabledriver\vulnerabledriver\x64\debug\vulnerabledriver.tlog\inf2cat-expand.14096.write.1.tlog
c:\users\nathan\downloads\vulnerabledriver\vulnerabledriver\vulnerabledriver\x64\debug\vulnerabledriver.tlog\inf2cat-expand.14508.read.1.tlog
c:\users\nathan\downloads\vulnerabledriver\vulnerabledriver\vulnerabledriver\x64\debug\vulnerabledriver.tlog\inf2cat-expand.14508.write.1.tlog
c:\users\nathan\downloads\vulnerabledriver\vulnerabledriver\vulnerabledriver\x64\debug\vulnerabledriver.tlog\inf2cat-expand.14672.read.1.tlog
c:\users\nathan\downloads\vulnerabledriver\vulnerabledriver\vulnerabledriver\x64\debug\vulnerabledriver.tlog\inf2cat-expand.14672.write.1.tlog
c:\users\nathan\downloads\vulnerabledriver\vulnerabledriver\vulnerabledriver\x64\debug\vulnerabledriver.tlog\inf2cat-expand.14852.read.1.tlog
c:\users\nathan\downloads\vulnerabledriver\vulnerabledriver\vulnerabledriver\x64\debug\vulnerabledriver.tlog\inf2cat-expand.14852.write.1.tlog
c:\users\nathan\downloads\vulnerabledriver\vulnerabledriver\vulnerabledriver\x64\debug\vulnerabledriver.tlog\inf2cat-expand.14876.read.1.tlog
c:\users\nathan\downloads\vulnerabledriver\vulnerabledriver\vulnerabledriver\x64\debug\vulnerabledriver.tlog\inf2cat-expand.14876.write.1.tlog
c:\users\nathan\downloads\vulnerabledriver\vulnerabledriver\vulnerabledriver\x64\debug\vulnerabledriver.tlog\inf2cat-expand.15056.read.1.tlog
c:\users\nathan\downloads\vulnerabledriver\vulnerabledriver\vulnerabledriver\x64\debug\vulnerabledriver.tlog\inf2cat-expand.15056.write.1.tlog
c:\users\nathan\downloads\vulnerabledriver\vulnerabledriver\vulnerabledriver\x64\debug\vulnerabledriver.tlog\inf2cat-expand.15240.read.1.tlog
c:\users\nathan\downloads\vulnerabledriver\vulnerabledriver\vulnerabledriver\x64\debug\vulnerabledriver.tlog\inf2cat-expand.15240.write.1.tlog
c:\users\nathan\downloads\vulnerabledriver\vulnerabledriver\vulnerabledriver\x64\debug\vulnerabledriver.tlog\inf2cat-expand.15564.read.1.tlog
c:\users\nathan\downloads\vulnerabledriver\vulnerabledriver\vulnerabledriver\x64\debug\vulnerabledriver.tlog\inf2cat-expand.15564.write.1.tlog
c:\users\nathan\downloads\vulnerabledriver\vulnerabledriver\vulnerabledriver\x64\debug\vulnerabledriver.tlog\inf2cat-expand.15568.read.1.tlog
c:\users\nathan\downloads\vulnerabledriver\vulnerabledriver\vulnerabledriver\x64\debug\vulnerabledriver.tlog\inf2cat-expand.15568.write.1.tlog
c:\users\nathan\downloads\vulnerabledriver\vulnerabledriver\vulnerabledriver\x64\debug\vulnerabledriver.tlog\inf2cat-expand.16300.read.1.tlog
c:\users\nathan\downloads\vulnerabledriver\vulnerabledriver\vulnerabledriver\x64\debug\vulnerabledriver.tlog\inf2cat-expand.16300.write.1.tlog
c:\users\nathan\downloads\vulnerabledriver\vulnerabledriver\vulnerabledriver\x64\debug\vulnerabledriver.tlog\inf2cat-expand.16452.read.1.tlog
c:\users\nathan\downloads\vulnerabledriver\vulnerabledriver\vulnerabledriver\x64\debug\vulnerabledriver.tlog\inf2cat-expand.16452.write.1.tlog
c:\users\nathan\downloads\vulnerabledriver\vulnerabledriver\vulnerabledriver\x64\debug\vulnerabledriver.tlog\inf2cat-expand.16640.read.1.tlog
c:\users\nathan\downloads\vulnerabledriver\vulnerabledriver\vulnerabledriver\x64\debug\vulnerabledriver.tlog\inf2cat-expand.16640.write.1.tlog
c:\users\nathan\downloads\vulnerabledriver\vulnerabledriver\vulnerabledriver\x64\debug\vulnerabledriver.tlog\inf2cat-expand.16860.read.1.tlog
c:\users\nathan\downloads\vulnerabledriver\vulnerabledriver\vulnerabledriver\x64\debug\vulnerabledriver.tlog\inf2cat-expand.16860.write.1.tlog
c:\users\nathan\downloads\vulnerabledriver\vulnerabledriver\vulnerabledriver\x64\debug\vulnerabledriver.tlog\inf2cat-expand.17156.read.1.tlog
c:\users\nathan\downloads\vulnerabledriver\vulnerabledriver\vulnerabledriver\x64\debug\vulnerabledriver.tlog\inf2cat-expand.17156.write.1.tlog
c:\users\nathan\downloads\vulnerabledriver\vulnerabledriver\vulnerabledriver\x64\debug\vulnerabledriver.tlog\inf2cat-expand.17164.read.1.tlog
c:\users\nathan\downloads\vulnerabledriver\vulnerabledriver\vulnerabledriver\x64\debug\vulnerabledriver.tlog\inf2cat-expand.17164.write.1.tlog
c:\users\nathan\downloads\vulnerabledriver\vulnerabledriver\vulnerabledriver\x64\debug\vulnerabledriver.tlog\inf2cat-expand.17232.read.1.tlog
c:\users\nathan\downloads\vulnerabledriver\vulnerabledriver\vulnerabledriver\x64\debug\vulnerabledriver.tlog\inf2cat-expand.17232.write.1.tlog
c:\users\nathan\downloads\vulnerabledriver\vulnerabledriver\vulnerabledriver\x64\debug\vulnerabledriver.tlog\inf2cat-expand.17364.read.1.tlog
c:\users\nathan\downloads\vulnerabledriver\vulnerabledriver\vulnerabledriver\x64\debug\vulnerabledriver.tlog\inf2cat-expand.17364.write.1.tlog
c:\users\nathan\downloads\vulnerabledriver\vulnerabledriver\vulnerabledriver\x64\debug\vulnerabledriver.tlog\inf2cat-expand.17644.read.1.tlog
c:\users\nathan\downloads\vulnerabledriver\vulnerabledriver\vulnerabledriver\x64\debug\vulnerabledriver.tlog\inf2cat-expand.17644.write.1.tlog
c:\users\nathan\downloads\vulnerabledriver\vulnerabledriver\vulnerabledriver\x64\debug\vulnerabledriver.tlog\inf2cat-expand.1788.read.1.tlog
c:\users\nathan\downloads\vulnerabledriver\vulnerabledriver\vulnerabledriver\x64\debug\vulnerabledriver.tlog\inf2cat-expand.1788.write.1.tlog
c:\users\nathan\downloads\vulnerabledriver\vulnerabledriver\vulnerabledriver\x64\debug\vulnerabledriver.tlog\inf2cat-expand.18080.read.1.tlog
c:\users\nathan\downloads\vulnerabledriver\vulnerabledriver\vulnerabledriver\x64\debug\vulnerabledriver.tlog\inf2cat-expand.18080.write.1.tlog
c:\users\nathan\downloads\vulnerabledriver\vulnerabledriver\vulnerabledriver\x64\debug\vulnerabledriver.tlog\inf2cat-expand.18452.read.1.tlog
c:\users\nathan\downloads\vulnerabledriver\vulnerabledriver\vulnerabledriver\x64\debug\vulnerabledriver.tlog\inf2cat-expand.18452.write.1.tlog
c:\users\nathan\downloads\vulnerabledriver\vulnerabledriver\vulnerabledriver\x64\debug\vulnerabledriver.tlog\inf2cat-expand.18612.read.1.tlog
c:\users\nathan\downloads\vulnerabledriver\vulnerabledriver\vulnerabledriver\x64\debug\vulnerabledriver.tlog\inf2cat-expand.18612.write.1.tlog
c:\users\nathan\downloads\vulnerabledriver\vulnerabledriver\vulnerabledriver\x64\debug\vulnerabledriver.tlog\inf2cat-expand.1864.read.1.tlog
c:\users\nathan\downloads\vulnerabledriver\vulnerabledriver\vulnerabledriver\x64\debug\vulnerabledriver.tlog\inf2cat-expand.1864.write.1.tlog
c:\users\nathan\downloads\vulnerabledriver\vulnerabledriver\vulnerabledriver\x64\debug\vulnerabledriver.tlog\inf2cat-expand.18676.read.1.tlog
c:\users\nathan\downloads\vulnerabledriver\vulnerabledriver\vulnerabledriver\x64\debug\vulnerabledriver.tlog\inf2cat-expand.18676.write.1.tlog
c:\users\nathan\downloads\vulnerabledriver\vulnerabledriver\vulnerabledriver\x64\debug\vulnerabledriver.tlog\inf2cat-expand.18736.read.1.tlog
c:\users\nathan\downloads\vulnerabledriver\vulnerabledriver\vulnerabledriver\x64\debug\vulnerabledriver.tlog\inf2cat-expand.18736.write.1.tlog
c:\users\nathan\downloads\vulnerabledriver\vulnerabledriver\vulnerabledriver\x64\debug\vulnerabledriver.tlog\inf2cat-expand.18860.read.1.tlog
c:\users\nathan\downloads\vulnerabledriver\vulnerabledriver\vulnerabledriver\x64\debug\vulnerabledriver.tlog\inf2cat-expand.18860.write.1.tlog
c:\users\nathan\downloads\vulnerabledriver\vulnerabledriver\vulnerabledriver\x64\debug\vulnerabledriver.tlog\inf2cat-expand.18864.read.1.tlog
c:\users\nathan\downloads\vulnerabledriver\vulnerabledriver\vulnerabledriver\x64\debug\vulnerabledriver.tlog\inf2cat-expand.18864.write.1.tlog
c:\users\nathan\downloads\vulnerabledriver\vulnerabledriver\vulnerabledriver\x64\debug\vulnerabledriver.tlog\inf2cat-expand.18980.read.1.tlog
c:\users\nathan\downloads\vulnerabledriver\vulnerabledriver\vulnerabledriver\x64\debug\vulnerabledriver.tlog\inf2cat-expand.18980.write.1.tlog
c:\users\nathan\downloads\vulnerabledriver\vulnerabledriver\vulnerabledriver\x64\debug\vulnerabledriver.tlog\inf2cat-expand.18984.read.1.tlog
c:\users\nathan\downloads\vulnerabledriver\vulnerabledriver\vulnerabledriver\x64\debug\vulnerabledriver.tlog\inf2cat-expand.18984.write.1.tlog
c:\users\nathan\downloads\vulnerabledriver\vulnerabledriver\vulnerabledriver\x64\debug\vulnerabledriver.tlog\inf2cat-expand.19308.read.1.tlog
c:\users\nathan\downloads\vulnerabledriver\vulnerabledriver\vulnerabledriver\x64\debug\vulnerabledriver.tlog\inf2cat-expand.19308.write.1.tlog
c:\users\nathan\downloads\vulnerabledriver\vulnerabledriver\vulnerabledriver\x64\debug\vulnerabledriver.tlog\inf2cat-expand.19708.read.1.tlog
c:\users\nathan\downloads\vulnerabledriver\vulnerabledriver\vulnerabledriver\x64\debug\vulnerabledriver.tlog\inf2cat-expand.19708.write.1.tlog
c:\users\nathan\downloads\vulnerabledriver\vulnerabledriver\vulnerabledriver\x64\debug\vulnerabledriver.tlog\inf2cat-expand.19928.read.1.tlog
c:\users\nathan\downloads\vulnerabledriver\vulnerabledriver\vulnerabledriver\x64\debug\vulnerabledriver.tlog\inf2cat-expand.19928.write.1.tlog
c:\users\nathan\downloads\vulnerabledriver\vulnerabledriver\vulnerabledriver\x64\debug\vulnerabledriver.tlog\inf2cat-expand.19972.read.1.tlog
c:\users\nathan\downloads\vulnerabledriver\vulnerabledriver\vulnerabledriver\x64\debug\vulnerabledriver.tlog\inf2cat-expand.19972.write.1.tlog
c:\users\nathan\downloads\vulnerabledriver\vulnerabledriver\vulnerabledriver\x64\debug\vulnerabledriver.tlog\inf2cat-expand.20056.read.1.tlog
c:\users\nathan\downloads\vulnerabledriver\vulnerabledriver\vulnerabledriver\x64\debug\vulnerabledriver.tlog\inf2cat-expand.20056.write.1.tlog
c:\users\nathan\downloads\vulnerabledriver\vulnerabledriver\vulnerabledriver\x64\debug\vulnerabledriver.tlog\inf2cat-expand.20164.read.1.tlog
c:\users\nathan\downloads\vulnerabledriver\vulnerabledriver\vulnerabledriver\x64\debug\vulnerabledriver.tlog\inf2cat-expand.20164.write.1.tlog
c:\users\nathan\downloads\vulnerabledriver\vulnerabledriver\vulnerabledriver\x64\debug\vulnerabledriver.tlog\inf2cat-expand.20524.read.1.tlog
c:\users\nathan\downloads\vulnerabledriver\vulnerabledriver\vulnerabledriver\x64\debug\vulnerabledriver.tlog\inf2cat-expand.20524.write.1.tlog
c:\users\nathan\downloads\vulnerabledriver\vulnerabledriver\vulnerabledriver\x64\debug\vulnerabledriver.tlog\inf2cat-expand.20612.read.1.tlog
c:\users\nathan\downloads\vulnerabledriver\vulnerabledriver\vulnerabledriver\x64\debug\vulnerabledriver.tlog\inf2cat-expand.20612.write.1.tlog
c:\users\nathan\downloads\vulnerabledriver\vulnerabledriver\vulnerabledriver\x64\debug\vulnerabledriver.tlog\inf2cat-expand.20700.read.1.tlog
c:\users\nathan\downloads\vulnerabledriver\vulnerabledriver\vulnerabledriver\x64\debug\vulnerabledriver.tlog\inf2cat-expand.20700.write.1.tlog
c:\users\nathan\downloads\vulnerabledriver\vulnerabledriver\vulnerabledriver\x64\debug\vulnerabledriver.tlog\inf2cat-expand.20712.read.1.tlog
c:\users\nathan\downloads\vulnerabledriver\vulnerabledriver\vulnerabledriver\x64\debug\vulnerabledriver.tlog\inf2cat-expand.20712.write.1.tlog
c:\users\nathan\downloads\vulnerabledriver\vulnerabledriver\vulnerabledriver\x64\debug\vulnerabledriver.tlog\inf2cat-expand.20764.read.1.tlog
c:\users\nathan\downloads\vulnerabledriver\vulnerabledriver\vulnerabledriver\x64\debug\vulnerabledriver.tlog\inf2cat-expand.20764.write.1.tlog
c:\users\nathan\downloads\vulnerabledriver\vulnerabledriver\vulnerabledriver\x64\debug\vulnerabledriver.tlog\inf2cat-expand.20828.read.1.tlog
c:\users\nathan\downloads\vulnerabledriver\vulnerabledriver\vulnerabledriver\x64\debug\vulnerabledriver.tlog\inf2cat-expand.20828.write.1.tlog
c:\users\nathan\downloads\vulnerabledriver\vulnerabledriver\vulnerabledriver\x64\debug\vulnerabledriver.tlog\inf2cat-expand.2092.read.1.tlog
c:\users\nathan\downloads\vulnerabledriver\vulnerabledriver\vulnerabledriver\x64\debug\vulnerabledriver.tlog\inf2cat-expand.2092.write.1.tlog
c:\users\nathan\downloads\vulnerabledriver\vulnerabledriver\vulnerabledriver\x64\debug\vulnerabledriver.tlog\inf2cat-expand.21096.read.1.tlog
c:\users\nathan\downloads\vulnerabledriver\vulnerabledriver\vulnerabledriver\x64\debug\vulnerabledriver.tlog\inf2cat-expand.21096.write.1.tlog
c:\users\nathan\downloads\vulnerabledriver\vulnerabledriver\vulnerabledriver\x64\debug\vulnerabledriver.tlog\inf2cat-expand.21168.read.1.tlog
c:\users\nathan\downloads\vulnerabledriver\vulnerabledriver\vulnerabledriver\x64\debug\vulnerabledriver.tlog\inf2cat-expand.21168.write.1.tlog
c:\users\nathan\downloads\vulnerabledriver\vulnerabledriver\vulnerabledriver\x64\debug\vulnerabledriver.tlog\inf2cat-expand.21176.read.1.tlog
c:\users\nathan\downloads\vulnerabledriver\vulnerabledriver\vulnerabledriver\x64\debug\vulnerabledriver.tlog\inf2cat-expand.21176.write.1.tlog
c:\users\nathan\downloads\vulnerabledriver\vulnerabledriver\vulnerabledriver\x64\debug\vulnerabledriver.tlog\inf2cat-expand.21244.read.1.tlog
c:\users\nathan\downloads\vulnerabledriver\vulnerabledriver\vulnerabledriver\x64\debug\vulnerabledriver.tlog\inf2cat-expand.21244.write.1.tlog
c:\users\nathan\downloads\vulnerabledriver\vulnerabledriver\vulnerabledriver\x64\debug\vulnerabledriver.tlog\inf2cat-expand.21368.read.1.tlog
c:\users\nathan\downloads\vulnerabledriver\vulnerabledriver\vulnerabledriver\x64\debug\vulnerabledriver.tlog\inf2cat-expand.21368.write.1.tlog
c:\users\nathan\downloads\vulnerabledriver\vulnerabledriver\vulnerabledriver\x64\debug\vulnerabledriver.tlog\inf2cat-expand.21716.read.1.tlog
c:\users\nathan\downloads\vulnerabledriver\vulnerabledriver\vulnerabledriver\x64\debug\vulnerabledriver.tlog\inf2cat-expand.21716.write.1.tlog
c:\users\nathan\downloads\vulnerabledriver\vulnerabledriver\vulnerabledriver\x64\debug\vulnerabledriver.tlog\inf2cat-expand.21848.read.1.tlog
c:\users\nathan\downloads\vulnerabledriver\vulnerabledriver\vulnerabledriver\x64\debug\vulnerabledriver.tlog\inf2cat-expand.21848.write.1.tlog
c:\users\nathan\downloads\vulnerabledriver\vulnerabledriver\vulnerabledriver\x64\debug\vulnerabledriver.tlog\inf2cat-expand.22216.read.1.tlog
c:\users\nathan\downloads\vulnerabledriver\vulnerabledriver\vulnerabledriver\x64\debug\vulnerabledriver.tlog\inf2cat-expand.22216.write.1.tlog
c:\users\nathan\downloads\vulnerabledriver\vulnerabledriver\vulnerabledriver\x64\debug\vulnerabledriver.tlog\inf2cat-expand.22244.read.1.tlog
c:\users\nathan\downloads\vulnerabledriver\vulnerabledriver\vulnerabledriver\x64\debug\vulnerabledriver.tlog\inf2cat-expand.22244.write.1.tlog
c:\users\nathan\downloads\vulnerabledriver\vulnerabledriver\vulnerabledriver\x64\debug\vulnerabledriver.tlog\inf2cat-expand.22364.read.1.tlog
c:\users\nathan\downloads\vulnerabledriver\vulnerabledriver\vulnerabledriver\x64\debug\vulnerabledriver.tlog\inf2cat-expand.22364.write.1.tlog
c:\users\nathan\downloads\vulnerabledriver\vulnerabledriver\vulnerabledriver\x64\debug\vulnerabledriver.tlog\inf2cat-expand.22620.read.1.tlog
c:\users\nathan\downloads\vulnerabledriver\vulnerabledriver\vulnerabledriver\x64\debug\vulnerabledriver.tlog\inf2cat-expand.22620.write.1.tlog
c:\users\nathan\downloads\vulnerabledriver\vulnerabledriver\vulnerabledriver\x64\debug\vulnerabledriver.tlog\inf2cat-expand.22652.read.1.tlog
c:\users\nathan\downloads\vulnerabledriver\vulnerabledriver\vulnerabledriver\x64\debug\vulnerabledriver.tlog\inf2cat-expand.22652.write.1.tlog
c:\users\nathan\downloads\vulnerabledriver\vulnerabledriver\vulnerabledriver\x64\debug\vulnerabledriver.tlog\inf2cat-expand.2272.read.1.tlog
c:\users\nathan\downloads\vulnerabledriver\vulnerabledriver\vulnerabledriver\x64\debug\vulnerabledriver.tlog\inf2cat-expand.2272.write.1.tlog
c:\users\nathan\downloads\vulnerabledriver\vulnerabledriver\vulnerabledriver\x64\debug\vulnerabledriver.tlog\inf2cat-expand.22800.read.1.tlog
c:\users\nathan\downloads\vulnerabledriver\vulnerabledriver\vulnerabledriver\x64\debug\vulnerabledriver.tlog\inf2cat-expand.22800.write.1.tlog
c:\users\nathan\downloads\vulnerabledriver\vulnerabledriver\vulnerabledriver\x64\debug\vulnerabledriver.tlog\inf2cat-expand.23136.read.1.tlog
c:\users\nathan\downloads\vulnerabledriver\vulnerabledriver\vulnerabledriver\x64\debug\vulnerabledriver.tlog\inf2cat-expand.23136.write.1.tlog
c:\users\nathan\downloads\vulnerabledriver\vulnerabledriver\vulnerabledriver\x64\debug\vulnerabledriver.tlog\inf2cat-expand.23312.read.1.tlog
c:\users\nathan\downloads\vulnerabledriver\vulnerabledriver\vulnerabledriver\x64\debug\vulnerabledriver.tlog\inf2cat-expand.23312.write.1.tlog
c:\users\nathan\downloads\vulnerabledriver\vulnerabledriver\vulnerabledriver\x64\debug\vulnerabledriver.tlog\inf2cat-expand.23320.read.1.tlog
c:\users\nathan\downloads\vulnerabledriver\vulnerabledriver\vulnerabledriver\x64\debug\vulnerabledriver.tlog\inf2cat-expand.23320.write.1.tlog
c:\users\nathan\downloads\vulnerabledriver\vulnerabledriver\vulnerabledriver\x64\debug\vulnerabledriver.tlog\inf2cat-expand.23332.read.1.tlog
c:\users\nathan\downloads\vulnerabledriver\vulnerabledriver\vulnerabledriver\x64\debug\vulnerabledriver.tlog\inf2cat-expand.23332.write.1.tlog
c:\users\nathan\downloads\vulnerabledriver\vulnerabledriver\vulnerabledriver\x64\debug\vulnerabledriver.tlog\inf2cat-expand.23612.read.1.tlog
c:\users\nathan\downloads\vulnerabledriver\vulnerabledriver\vulnerabledriver\x64\debug\vulnerabledriver.tlog\inf2cat-expand.23612.write.1.tlog
c:\users\nathan\downloads\vulnerabledriver\vulnerabledriver\vulnerabledriver\x64\debug\vulnerabledriver.tlog\inf2cat-expand.23668.read.1.tlog
c:\users\nathan\downloads\vulnerabledriver\vulnerabledriver\vulnerabledriver\x64\debug\vulnerabledriver.tlog\inf2cat-expand.23668.write.1.tlog
c:\users\nathan\downloads\vulnerabledriver\vulnerabledriver\vulnerabledriver\x64\debug\vulnerabledriver.tlog\inf2cat-expand.23844.read.1.tlog
c:\users\nathan\downloads\vulnerabledriver\vulnerabledriver\vulnerabledriver\x64\debug\vulnerabledriver.tlog\inf2cat-expand.23844.write.1.tlog
c:\users\nathan\downloads\vulnerabledriver\vulnerabledriver\vulnerabledriver\x64\debug\vulnerabledriver.tlog\inf2cat-expand.24152.read.1.tlog
c:\users\nathan\downloads\vulnerabledriver\vulnerabledriver\vulnerabledriver\x64\debug\vulnerabledriver.tlog\inf2cat-expand.24152.write.1.tlog
c:\users\nathan\downloads\vulnerabledriver\vulnerabledriver\vulnerabledriver\x64\debug\vulnerabledriver.tlog\inf2cat-expand.2436.read.1.tlog
c:\users\nathan\downloads\vulnerabledriver\vulnerabledriver\vulnerabledriver\x64\debug\vulnerabledriver.tlog\inf2cat-expand.2436.write.1.tlog
c:\users\nathan\downloads\vulnerabledriver\vulnerabledriver\vulnerabledriver\x64\debug\vulnerabledriver.tlog\inf2cat-expand.24432.read.1.tlog
c:\users\nathan\downloads\vulnerabledriver\vulnerabledriver\vulnerabledriver\x64\debug\vulnerabledriver.tlog\inf2cat-expand.24432.write.1.tlog
c:\users\nathan\downloads\vulnerabledriver\vulnerabledriver\vulnerabledriver\x64\debug\vulnerabledriver.tlog\inf2cat-expand.24704.read.1.tlog
c:\users\nathan\downloads\vulnerabledriver\vulnerabledriver\vulnerabledriver\x64\debug\vulnerabledriver.tlog\inf2cat-expand.24704.write.1.tlog
c:\users\nathan\downloads\vulnerabledriver\vulnerabledriver\vulnerabledriver\x64\debug\vulnerabledriver.tlog\inf2cat-expand.24796.read.1.tlog
c:\users\nathan\downloads\vulnerabledriver\vulnerabledriver\vulnerabledriver\x64\debug\vulnerabledriver.tlog\inf2cat-expand.24796.write.1.tlog
c:\users\nathan\downloads\vulnerabledriver\vulnerabledriver\vulnerabledriver\x64\debug\vulnerabledriver.tlog\inf2cat-expand.2484.read.1.tlog
c:\users\nathan\downloads\vulnerabledriver\vulnerabledriver\vulnerabledriver\x64\debug\vulnerabledriver.tlog\inf2cat-expand.2484.write.1.tlog
c:\users\nathan\downloads\vulnerabledriver\vulnerabledriver\vulnerabledriver\x64\debug\vulnerabledriver.tlog\inf2cat-expand.25144.read.1.tlog
c:\users\nathan\downloads\vulnerabledriver\vulnerabledriver\vulnerabledriver\x64\debug\vulnerabledriver.tlog\inf2cat-expand.25144.write.1.tlog
c:\users\nathan\downloads\vulnerabledriver\vulnerabledriver\vulnerabledriver\x64\debug\vulnerabledriver.tlog\inf2cat-expand.25256.read.1.tlog
c:\users\nathan\downloads\vulnerabledriver\vulnerabledriver\vulnerabledriver\x64\debug\vulnerabledriver.tlog\inf2cat-expand.25256.write.1.tlog
c:\users\nathan\downloads\vulnerabledriver\vulnerabledriver\vulnerabledriver\x64\debug\vulnerabledriver.tlog\inf2cat-expand.25424.read.1.tlog
c:\users\nathan\downloads\vulnerabledriver\vulnerabledriver\vulnerabledriver\x64\debug\vulnerabledriver.tlog\inf2cat-expand.25424.write.1.tlog
c:\users\nathan\downloads\vulnerabledriver\vulnerabledriver\vulnerabledriver\x64\debug\vulnerabledriver.tlog\inf2cat-expand.2544.read.1.tlog
c:\users\nathan\downloads\vulnerabledriver\vulnerabledriver\vulnerabledriver\x64\debug\vulnerabledriver.tlog\inf2cat-expand.2544.write.1.tlog
c:\users\nathan\downloads\vulnerabledriver\vulnerabledriver\vulnerabledriver\x64\debug\vulnerabledriver.tlog\inf2cat-expand.25476.read.1.tlog
c:\users\nathan\downloads\vulnerabledriver\vulnerabledriver\vulnerabledriver\x64\debug\vulnerabledriver.tlog\inf2cat-expand.25476.write.1.tlog
c:\users\nathan\downloads\vulnerabledriver\vulnerabledriver\vulnerabledriver\x64\debug\vulnerabledriver.tlog\inf2cat-expand.2584.read.1.tlog
c:\users\nathan\downloads\vulnerabledriver\vulnerabledriver\vulnerabledriver\x64\debug\vulnerabledriver.tlog\inf2cat-expand.2584.write.1.tlog
c:\users\nathan\downloads\vulnerabledriver\vulnerabledriver\vulnerabledriver\x64\debug\vulnerabledriver.tlog\inf2cat-expand.2848.read.1.tlog
c:\users\nathan\downloads\vulnerabledriver\vulnerabledriver\vulnerabledriver\x64\debug\vulnerabledriver.tlog\inf2cat-expand.2848.write.1.tlog
c:\users\nathan\downloads\vulnerabledriver\vulnerabledriver\vulnerabledriver\x64\debug\vulnerabledriver.tlog\inf2cat-expand.2852.read.1.tlog
c:\users\nathan\downloads\vulnerabledriver\vulnerabledriver\vulnerabledriver\x64\debug\vulnerabledriver.tlog\inf2cat-expand.2852.write.1.tlog
c:\users\nathan\downloads\vulnerabledriver\vulnerabledriver\vulnerabledriver\x64\debug\vulnerabledriver.tlog\inf2cat-expand.2896.read.1.tlog
c:\users\nathan\downloads\vulnerabledriver\vulnerabledriver\vulnerabledriver\x64\debug\vulnerabledriver.tlog\inf2cat-expand.2896.write.1.tlog
c:\users\nathan\downloads\vulnerabledriver\vulnerabledriver\vulnerabledriver\x64\debug\vulnerabledriver.tlog\inf2cat-expand.3044.read.1.tlog
c:\users\nathan\downloads\vulnerabledriver\vulnerabledriver\vulnerabledriver\x64\debug\vulnerabledriver.tlog\inf2cat-expand.3044.write.1.tlog
c:\users\nathan\downloads\vulnerabledriver\vulnerabledriver\vulnerabledriver\x64\debug\vulnerabledriver.tlog\inf2cat-expand.3092.read.1.tlog
c:\users\nathan\downloads\vulnerabledriver\vulnerabledriver\vulnerabledriver\x64\debug\vulnerabledriver.tlog\inf2cat-expand.3092.write.1.tlog
c:\users\nathan\downloads\vulnerabledriver\vulnerabledriver\vulnerabledriver\x64\debug\vulnerabledriver.tlog\inf2cat-expand.3192.read.1.tlog
c:\users\nathan\downloads\vulnerabledriver\vulnerabledriver\vulnerabledriver\x64\debug\vulnerabledriver.tlog\inf2cat-expand.3192.write.1.tlog
c:\users\nathan\downloads\vulnerabledriver\vulnerabledriver\vulnerabledriver\x64\debug\vulnerabledriver.tlog\inf2cat-expand.4120.read.1.tlog
c:\users\nathan\downloads\vulnerabledriver\vulnerabledriver\vulnerabledriver\x64\debug\vulnerabledriver.tlog\inf2cat-expand.4120.write.1.tlog
c:\users\nathan\downloads\vulnerabledriver\vulnerabledriver\vulnerabledriver\x64\debug\vulnerabledriver.tlog\inf2cat-expand.4136.read.1.tlog
c:\users\nathan\downloads\vulnerabledriver\vulnerabledriver\vulnerabledriver\x64\debug\vulnerabledriver.tlog\inf2cat-expand.4136.write.1.tlog
c:\users\nathan\downloads\vulnerabledriver\vulnerabledriver\vulnerabledriver\x64\debug\vulnerabledriver.tlog\inf2cat-expand.4148.read.1.tlog
c:\users\nathan\downloads\vulnerabledriver\vulnerabledriver\vulnerabledriver\x64\debug\vulnerabledriver.tlog\inf2cat-expand.4148.write.1.tlog
c:\users\nathan\downloads\vulnerabledriver\vulnerabledriver\vulnerabledriver\x64\debug\vulnerabledriver.tlog\inf2cat-expand.4328.read.1.tlog
c:\users\nathan\downloads\vulnerabledriver\vulnerabledriver\vulnerabledriver\x64\debug\vulnerabledriver.tlog\inf2cat-expand.4328.write.1.tlog
c:\users\nathan\downloads\vulnerabledriver\vulnerabledriver\vulnerabledriver\x64\debug\vulnerabledriver.tlog\inf2cat-expand.4336.read.1.tlog
c:\users\nathan\downloads\vulnerabledriver\vulnerabledriver\vulnerabledriver\x64\debug\vulnerabledriver.tlog\inf2cat-expand.4336.write.1.tlog
c:\users\nathan\downloads\vulnerabledriver\vulnerabledriver\vulnerabledriver\x64\debug\vulnerabledriver.tlog\inf2cat-expand.4472.read.1.tlog
c:\users\nathan\downloads\vulnerabledriver\vulnerabledriver\vulnerabledriver\x64\debug\vulnerabledriver.tlog\inf2cat-expand.4472.write.1.tlog
c:\users\nathan\downloads\vulnerabledriver\vulnerabledriver\vulnerabledriver\x64\debug\vulnerabledriver.tlog\inf2cat-expand.4648.read.1.tlog
c:\users\nathan\downloads\vulnerabledriver\vulnerabledriver\vulnerabledriver\x64\debug\vulnerabledriver.tlog\inf2cat-expand.4648.write.1.tlog
c:\users\nathan\downloads\vulnerabledriver\vulnerabledriver\vulnerabledriver\x64\debug\vulnerabledriver.tlog\inf2cat-expand.4672.read.1.tlog
c:\users\nathan\downloads\vulnerabledriver\vulnerabledriver\vulnerabledriver\x64\debug\vulnerabledriver.tlog\inf2cat-expand.4672.write.1.tlog
c:\users\nathan\downloads\vulnerabledriver\vulnerabledriver\vulnerabledriver\x64\debug\vulnerabledriver.tlog\inf2cat-expand.5092.read.1.tlog
c:\users\nathan\downloads\vulnerabledriver\vulnerabledriver\vulnerabledriver\x64\debug\vulnerabledriver.tlog\inf2cat-expand.5092.write.1.tlog
c:\users\nathan\downloads\vulnerabledriver\vulnerabledriver\vulnerabledriver\x64\debug\vulnerabledriver.tlog\inf2cat-expand.5476.read.1.tlog
c:\users\nathan\downloads\vulnerabledriver\vulnerabledriver\vulnerabledriver\x64\debug\vulnerabledriver.tlog\inf2cat-expand.5476.write.1.tlog
c:\users\nathan\downloads\vulnerabledriver\vulnerabledriver\vulnerabledriver\x64\debug\vulnerabledriver.tlog\inf2cat-expand.5648.read.1.tlog
c:\users\nathan\downloads\vulnerabledriver\vulnerabledriver\vulnerabledriver\x64\debug\vulnerabledriver.tlog\inf2cat-expand.5648.write.1.tlog
c:\users\nathan\downloads\vulnerabledriver\vulnerabledriver\vulnerabledriver\x64\debug\vulnerabledriver.tlog\inf2cat-expand.5832.read.1.tlog
c:\users\nathan\downloads\vulnerabledriver\vulnerabledriver\vulnerabledriver\x64\debug\vulnerabledriver.tlog\inf2cat-expand.5832.write.1.tlog
c:\users\nathan\downloads\vulnerabledriver\vulnerabledriver\vulnerabledriver\x64\debug\vulnerabledriver.tlog\inf2cat-expand.5872.read.1.tlog
c:\users\nathan\downloads\vulnerabledriver\vulnerabledriver\vulnerabledriver\x64\debug\vulnerabledriver.tlog\inf2cat-expand.5872.write.1.tlog
c:\users\nathan\downloads\vulnerabledriver\vulnerabledriver\vulnerabledriver\x64\debug\vulnerabledriver.tlog\inf2cat-expand.6332.read.1.tlog
c:\users\nathan\downloads\vulnerabledriver\vulnerabledriver\vulnerabledriver\x64\debug\vulnerabledriver.tlog\inf2cat-expand.6332.write.1.tlog
c:\users\nathan\downloads\vulnerabledriver\vulnerabledriver\vulnerabledriver\x64\debug\vulnerabledriver.tlog\inf2cat-expand.6436.read.1.tlog
c:\users\nathan\downloads\vulnerabledriver\vulnerabledriver\vulnerabledriver\x64\debug\vulnerabledriver.tlog\inf2cat-expand.6436.write.1.tlog
c:\users\nathan\downloads\vulnerabledriver\vulnerabledriver\vulnerabledriver\x64\debug\vulnerabledriver.tlog\inf2cat-expand.6688.read.1.tlog
c:\users\nathan\downloads\vulnerabledriver\vulnerabledriver\vulnerabledriver\x64\debug\vulnerabledriver.tlog\inf2cat-expand.6688.write.1.tlog
c:\users\nathan\downloads\vulnerabledriver\vulnerabledriver\vulnerabledriver\x64\debug\vulnerabledriver.tlog\inf2cat-expand.6796.read.1.tlog
c:\users\nathan\downloads\vulnerabledriver\vulnerabledriver\vulnerabledriver\x64\debug\vulnerabledriver.tlog\inf2cat-expand.6796.write.1.tlog
c:\users\nathan\downloads\vulnerabledriver\vulnerabledriver\vulnerabledriver\x64\debug\vulnerabledriver.tlog\inf2cat-expand.6808.read.1.tlog
c:\users\nathan\downloads\vulnerabledriver\vulnerabledriver\vulnerabledriver\x64\debug\vulnerabledriver.tlog\inf2cat-expand.6808.write.1.tlog
c:\users\nathan\downloads\vulnerabledriver\vulnerabledriver\vulnerabledriver\x64\debug\vulnerabledriver.tlog\inf2cat-expand.6860.read.1.tlog
c:\users\nathan\downloads\vulnerabledriver\vulnerabledriver\vulnerabledriver\x64\debug\vulnerabledriver.tlog\inf2cat-expand.6860.write.1.tlog
c:\users\nathan\downloads\vulnerabledriver\vulnerabledriver\vulnerabledriver\x64\debug\vulnerabledriver.tlog\inf2cat-expand.6876.read.1.tlog
c:\users\nathan\downloads\vulnerabledriver\vulnerabledriver\vulnerabledriver\x64\debug\vulnerabledriver.tlog\inf2cat-expand.6876.write.1.tlog
c:\users\nathan\downloads\vulnerabledriver\vulnerabledriver\vulnerabledriver\x64\debug\vulnerabledriver.tlog\inf2cat-expand.7240.read.1.tlog
c:\users\nathan\downloads\vulnerabledriver\vulnerabledriver\vulnerabledriver\x64\debug\vulnerabledriver.tlog\inf2cat-expand.7240.write.1.tlog
c:\users\nathan\downloads\vulnerabledriver\vulnerabledriver\vulnerabledriver\x64\debug\vulnerabledriver.tlog\inf2cat-expand.7312.read.1.tlog
c:\users\nathan\downloads\vulnerabledriver\vulnerabledriver\vulnerabledriver\x64\debug\vulnerabledriver.tlog\inf2cat-expand.7312.write.1.tlog
c:\users\nathan\downloads\vulnerabledriver\vulnerabledriver\vulnerabledriver\x64\debug\vulnerabledriver.tlog\inf2cat-expand.7704.read.1.tlog
c:\users\nathan\downloads\vulnerabledriver\vulnerabledriver\vulnerabledriver\x64\debug\vulnerabledriver.tlog\inf2cat-expand.7704.write.1.tlog
c:\users\nathan\downloads\vulnerabledriver\vulnerabledriver\vulnerabledriver\x64\debug\vulnerabledriver.tlog\inf2cat-expand.7916.read.1.tlog
c:\users\nathan\downloads\vulnerabledriver\vulnerabledriver\vulnerabledriver\x64\debug\vulnerabledriver.tlog\inf2cat-expand.7916.write.1.tlog
c:\users\nathan\downloads\vulnerabledriver\vulnerabledriver\vulnerabledriver\x64\debug\vulnerabledriver.tlog\inf2cat-expand.8016.read.1.tlog
c:\users\nathan\downloads\vulnerabledriver\vulnerabledriver\vulnerabledriver\x64\debug\vulnerabledriver.tlog\inf2cat-expand.8016.write.1.tlog
c:\users\nathan\downloads\vulnerabledriver\vulnerabledriver\vulnerabledriver\x64\debug\vulnerabledriver.tlog\inf2cat-expand.8392.read.1.tlog
c:\users\nathan\downloads\vulnerabledriver\vulnerabledriver\vulnerabledriver\x64\debug\vulnerabledriver.tlog\inf2cat-expand.8392.write.1.tlog
c:\users\nathan\downloads\vulnerabledriver\vulnerabledriver\vulnerabledriver\x64\debug\vulnerabledriver.tlog\inf2cat-expand.8516.read.1.tlog
c:\users\nathan\downloads\vulnerabledriver\vulnerabledriver\vulnerabledriver\x64\debug\vulnerabledriver.tlog\inf2cat-expand.8516.write.1.tlog
c:\users\nathan\downloads\vulnerabledriver\vulnerabledriver\vulnerabledriver\x64\debug\vulnerabledriver.tlog\inf2cat-expand.8788.read.1.tlog
c:\users\nathan\downloads\vulnerabledriver\vulnerabledriver\vulnerabledriver\x64\debug\vulnerabledriver.tlog\inf2cat-expand.8788.write.1.tlog
c:\users\nathan\downloads\vulnerabledriver\vulnerabledriver\vulnerabledriver\x64\debug\vulnerabledriver.tlog\inf2cat-expand.8792.read.1.tlog
c:\users\nathan\downloads\vulnerabledriver\vulnerabledriver\vulnerabledriver\x64\debug\vulnerabledriver.tlog\inf2cat-expand.8792.write.1.tlog
c:\users\nathan\downloads\vulnerabledriver\vulnerabledriver\vulnerabledriver\x64\debug\vulnerabledriver.tlog\inf2cat-expand.9108.read.1.tlog
c:\users\nathan\downloads\vulnerabledriver\vulnerabledriver\vulnerabledriver\x64\debug\vulnerabledriver.tlog\inf2cat-expand.9108.write.1.tlog
c:\users\nathan\downloads\vulnerabledriver\vulnerabledriver\vulnerabledriver\x64\debug\vulnerabledriver.tlog\inf2cat-expand.9212.read.1.tlog
c:\users\nathan\downloads\vulnerabledriver\vulnerabledriver\vulnerabledriver\x64\debug\vulnerabledriver.tlog\inf2cat-expand.9212.write.1.tlog
c:\users\nathan\downloads\vulnerabledriver\vulnerabledriver\vulnerabledriver\x64\debug\vulnerabledriver.tlog\inf2cat-expand.9436.read.1.tlog
c:\users\nathan\downloads\vulnerabledriver\vulnerabledriver\vulnerabledriver\x64\debug\vulnerabledriver.tlog\inf2cat-expand.9436.write.1.tlog
c:\users\nathan\downloads\vulnerabledriver\vulnerabledriver\vulnerabledriver\x64\debug\vulnerabledriver.tlog\inf2cat-expand.9456.read.1.tlog
c:\users\nathan\downloads\vulnerabledriver\vulnerabledriver\vulnerabledriver\x64\debug\vulnerabledriver.tlog\inf2cat-expand.9456.write.1.tlog
c:\users\nathan\downloads\vulnerabledriver\vulnerabledriver\vulnerabledriver\x64\debug\vulnerabledriver.tlog\inf2cat-expand.9680.read.1.tlog
c:\users\nathan\downloads\vulnerabledriver\vulnerabledriver\vulnerabledriver\x64\debug\vulnerabledriver.tlog\inf2cat-expand.9680.write.1.tlog
c:\users\nathan\downloads\vulnerabledriver\vulnerabledriver\vulnerabledriver\x64\debug\vulnerabledriver.tlog\inf2cat-expand.read.1.tlog
c:\users\nathan\downloads\vulnerabledriver\vulnerabledriver\vulnerabledriver\x64\debug\vulnerabledriver.tlog\inf2cat-expand.write.1.tlog
c:\users\nathan\downloads\vulnerabledriver\vulnerabledriver\vulnerabledriver\x64\debug\vulnerabledriver.tlog\inf2cat.command.1.tlog
c:\users\nathan\downloads\vulnerabledriver\vulnerabledriver\vulnerabledriver\x64\debug\vulnerabledriver.tlog\link.command.1.tlog
c:\users\nathan\downloads\vulnerabledriver\vulnerabledriver\vulnerabledriver\x64\debug\vulnerabledriver.tlog\link.read.1.tlog
c:\users\nathan\downloads\vulnerabledriver\vulnerabledriver\vulnerabledriver\x64\debug\vulnerabledriver.tlog\link.secondary.1.tlog
c:\users\nathan\downloads\vulnerabledriver\vulnerabledriver\vulnerabledriver\x64\debug\vulnerabledriver.tlog\link.write.1.tlog
c:\users\nathan\downloads\vulnerabledriver\vulnerabledriver\vulnerabledriver\x64\debug\vulnerabledriver.tlog\masm.read.1u.tlog
c:\users\nathan\downloads\vulnerabledriver\vulnerabledriver\vulnerabledriver\x64\debug\vulnerabledriver.tlog\masm.write.1u.tlog
c:\users\nathan\downloads\vulnerabledriver\vulnerabledriver\vulnerabledriver\x64\debug\vulnerabledriver.tlog\signtool.command.1.tlog
c:\users\nathan\downloads\vulnerabledriver\vulnerabledriver\vulnerabledriver\x64\debug\vulnerabledriver.tlog\signtool.read.1.tlog
c:\users\nathan\downloads\vulnerabledriver\vulnerabledriver\vulnerabledriver\x64\debug\vulnerabledriver.tlog\signtool.timestamp.1.tlog
c:\users\nathan\downloads\vulnerabledriver\vulnerabledriver\vulnerabledriver\x64\debug\vulnerabledriver.tlog\stampinf.command.1.tlog
c:\users\nathan\downloads\vulnerabledriver\vulnerabledriver\vulnerabledriver\x64\debug\vulnerabledriver.tlog\stampinf.read.1.tlog
c:\users\nathan\downloads\vulnerabledriver\vulnerabledriver\vulnerabledriver\x64\debug\vulnerabledriver.tlog\stampinf.write.1.tlog
c:\users\nathan\downloads\vulnerabledriver\vulnerabledriver\vulnerabledriver\x64\debug\vulnerabledriver.tlog\tracewpp.command.1.tlog
c:\users\nathan\downloads\vulnerabledriver\vulnerabledriver\vulnerabledriver\x64\debug\vulnerabledriver.tlog\tracewpp.read.1.tlog
c:\users\nathan\downloads\vulnerabledriver\vulnerabledriver\vulnerabledriver\x64\debug\vulnerabledriver.tlog\tracewpp.write.1.tlog
